<?xml version="1.0" encoding="UTF-8"?>
<robot generator="Robot 7.0 (Python 3.11.7 on win32)" generated="2024-02-27T00:55:53.743253" rpa="false" schemaversion="5">
<suite id="s1" name="PrompPay" source="C:\Users\coopt\Desktop\TestRobot\PrompPay\PrompPay.robot">
<test id="s1-t1" name="TC01 : Open Catalog" line="8">
<kw name="Open Browser" owner="SeleniumLibrary">
<msg time="2024-02-27T00:55:53.957852" level="INFO">Opening browser 'Chrome' to base url 'http://localhost:8080/'.</msg>
<arg>http://localhost:8080/</arg>
<arg>Chrome</arg>
<doc>Opens a new browser instance to the optional ``url``.</doc>
<status status="PASS" start="2024-02-27T00:55:53.957296" elapsed="2.006604"/>
</kw>
<kw name="Log" owner="BuiltIn">
<msg time="2024-02-27T00:55:55.964514" level="INFO">This is executed.</msg>
<arg>This is executed.</arg>
<doc>Logs the given message with the given level.</doc>
<status status="PASS" start="2024-02-27T00:55:55.964514" elapsed="0.000505"/>
</kw>
<status status="PASS" start="2024-02-27T00:55:53.956703" elapsed="2.008316"/>
</test>
<test id="s1-t2" name="TC02 : Click Product" line="12">
<kw name="Click Element" owner="SeleniumLibrary">
<msg time="2024-02-27T00:55:55.968623" level="INFO">Clicking element '//*[@id="content"]/section/div/div/article/div/div[1]/a'.</msg>
<arg>//*[@id="content"]/section/div/div/article/div/div[1]/a</arg>
<doc>Click the element identified by ``locator``.</doc>
<status status="PASS" start="2024-02-27T00:55:55.967308" elapsed="0.496854"/>
</kw>
<kw name="Click Element" owner="SeleniumLibrary">
<msg time="2024-02-27T00:55:56.466350" level="INFO">Clicking element '//*[@id="add-to-cart-or-refresh"]/div[2]/div/div[2]/button'.</msg>
<arg>//*[@id="add-to-cart-or-refresh"]/div[2]/div/div[2]/button</arg>
<doc>Click the element identified by ``locator``.</doc>
<status status="PASS" start="2024-02-27T00:55:56.465331" elapsed="0.060323"/>
</kw>
<kw name="Sleep" owner="BuiltIn">
<msg time="2024-02-27T00:55:59.526819" level="INFO">Slept 3 seconds.</msg>
<arg>3s</arg>
<doc>Pauses the test executed for the given time.</doc>
<status status="PASS" start="2024-02-27T00:55:56.526655" elapsed="3.000164"/>
</kw>
<kw name="Click Element" owner="SeleniumLibrary">
<msg time="2024-02-27T00:55:59.526819" level="INFO">Clicking element '//*[@id="blockcart-modal"]/div/div/div[2]/div/div[2]/div/div/a'.</msg>
<arg>//*[@id="blockcart-modal"]/div/div/div[2]/div/div[2]/div/div/a</arg>
<doc>Click the element identified by ``locator``.</doc>
<status status="PASS" start="2024-02-27T00:55:59.526819" elapsed="0.260362"/>
</kw>
<kw name="Click Element" owner="SeleniumLibrary">
<msg time="2024-02-27T00:55:59.788219" level="INFO">Clicking element '//*[@id="main"]/div/div[2]/div/div[2]/div/a'.</msg>
<arg>//*[@id="main"]/div/div[2]/div/div[2]/div/a</arg>
<doc>Click the element identified by ``locator``.</doc>
<status status="PASS" start="2024-02-27T00:55:59.788219" elapsed="0.342127"/>
</kw>
<kw name="Location Should Be" owner="SeleniumLibrary">
<msg time="2024-02-27T00:56:00.136361" level="INFO">Current location is 'http://localhost:8080/order'.</msg>
<arg>http://localhost:8080/order</arg>
<doc>Verifies that the current URL is exactly ``url``.</doc>
<status status="PASS" start="2024-02-27T00:56:00.130346" elapsed="0.006015"/>
</kw>
<status status="PASS" start="2024-02-27T00:55:55.966149" elapsed="4.171211"/>
</test>
<test id="s1-t3" name="TC03 : Select Invoice" line="20">
<kw name="Click Button" owner="SeleniumLibrary">
<msg time="2024-02-27T00:56:00.138360" level="INFO">Clicking button '//*[@id="customer-form"]/footer/button'.</msg>
<arg>//*[@id="customer-form"]/footer/button</arg>
<doc>Clicks the button identified by ``locator``.</doc>
<status status="PASS" start="2024-02-27T00:56:00.138360" elapsed="0.826970"/>
</kw>
<kw name="Sleep" owner="BuiltIn">
<msg time="2024-02-27T00:56:02.966540" level="INFO">Slept 2 seconds.</msg>
<arg>2s</arg>
<doc>Pauses the test executed for the given time.</doc>
<status status="PASS" start="2024-02-27T00:56:00.966337" elapsed="2.000203"/>
</kw>
<status status="PASS" start="2024-02-27T00:56:00.137360" elapsed="2.829180"/>
</test>
<test id="s1-t4" name="TC04 : Choose Payment" line="24">
<kw name="Click Element" owner="SeleniumLibrary">
<msg time="2024-02-27T00:56:02.967887" level="INFO">Clicking element '//*[@id="payment-option-3"]'.</msg>
<arg>//*[@id="payment-option-3"]</arg>
<doc>Click the element identified by ``locator``.</doc>
<status status="PASS" start="2024-02-27T00:56:02.966540" elapsed="0.045534"/>
</kw>
<kw name="Choose File" owner="SeleniumLibrary">
<msg time="2024-02-27T00:56:03.013076" level="INFO">Sending C:\Users\coopt\Desktop\TestRobot\qrcode.jpg to browser.</msg>
<arg>//*[@id="payment-option-3-additional-information"]/form/input</arg>
<arg>${ImageFilePath}</arg>
<doc>Inputs the ``file_path`` into the file input field ``locator``.</doc>
<status status="PASS" start="2024-02-27T00:56:03.013076" elapsed="0.032619"/>
</kw>
<kw name="Sleep" owner="BuiltIn">
<msg time="2024-02-27T00:56:05.045866" level="INFO">Slept 2 seconds.</msg>
<arg>2s</arg>
<doc>Pauses the test executed for the given time.</doc>
<status status="PASS" start="2024-02-27T00:56:03.045695" elapsed="2.000171"/>
</kw>
<kw name="Click Button" owner="SeleniumLibrary">
<msg time="2024-02-27T00:56:05.045866" level="INFO">Clicking button '//*[@id="payment-option-3-additional-information"]/form/button'.</msg>
<arg>//*[@id="payment-option-3-additional-information"]/form/button</arg>
<doc>Clicks the button identified by ``locator``.</doc>
<status status="PASS" start="2024-02-27T00:56:05.045866" elapsed="1.751576"/>
</kw>
<kw name="Sleep" owner="BuiltIn">
<msg time="2024-02-27T00:56:08.798706" level="INFO">Slept 2 seconds.</msg>
<arg>2s</arg>
<doc>Pauses the test executed for the given time.</doc>
<status status="PASS" start="2024-02-27T00:56:06.798450" elapsed="2.000256"/>
</kw>
<kw name="Capture Page Screenshot" owner="SeleniumLibrary">
<msg time="2024-02-27T00:56:08.896307" level="INFO" html="true">&lt;/td&gt;&lt;/tr&gt;&lt;tr&gt;&lt;td colspan="3"&gt;&lt;a href="PrompPay.jpg"&gt;&lt;img src="PrompPay.jpg" width="800px"&gt;&lt;/a&gt;</msg>
<msg time="2024-02-27T00:56:08.896307" level="INFO">C:\Users\coopt\AppData\Local\Programs\Python\Python311\Lib\site-packages\selenium\webdriver\remote\webdriver.py:822: UserWarning: name used for saved screenshot does not match file type. It should end with a `.png` extension
  return self.get_screenshot_as_file(filename)</msg>
<arg>PrompPay.jpg</arg>
<doc>Takes a screenshot of the current page and embeds it into a log file.</doc>
<status status="PASS" start="2024-02-27T00:56:08.798706" elapsed="0.097601"/>
</kw>
<status status="PASS" start="2024-02-27T00:56:02.966540" elapsed="5.929767"/>
</test>
<test id="s1-t5" name="Teardown" line="31">
<kw name="Close Browser" owner="SeleniumLibrary">
<doc>Closes the current browser.</doc>
<status status="PASS" start="2024-02-27T00:56:08.897307" elapsed="2.197962"/>
</kw>
<status status="PASS" start="2024-02-27T00:56:08.897307" elapsed="2.199989"/>
</test>
<status status="PASS" start="2024-02-27T00:55:53.744786" elapsed="17.353493"/>
</suite>
<statistics>
<total>
<stat pass="5" fail="0" skip="0">All Tests</stat>
</total>
<tag>
</tag>
<suite>
<stat pass="5" fail="0" skip="0" id="s1" name="PrompPay">PrompPay</stat>
</suite>
</statistics>
<errors>
</errors>
</robot>
