<?xml version="1.0" encoding="UTF-8"?>
<robot generator="Robot 7.0 (Python 3.11.7 on win32)" generated="2024-02-27T00:53:42.738629" rpa="false" schemaversion="5">
<suite id="s1" name="BankTransfer" source="C:\Users\coopt\Desktop\TestRobot\BankTransfer\BankTransfer.robot">
<test id="s1-t1" name="TC01 : Open Catalog" line="8">
<kw name="Open Browser" owner="SeleniumLibrary">
<msg time="2024-02-27T00:53:42.945334" level="INFO">Opening browser 'Chrome' to base url 'http://localhost:8080/'.</msg>
<arg>http://localhost:8080/</arg>
<arg>Chrome</arg>
<doc>Opens a new browser instance to the optional ``url``.</doc>
<status status="PASS" start="2024-02-27T00:53:42.943885" elapsed="1.982981"/>
</kw>
<kw name="Log" owner="BuiltIn">
<msg time="2024-02-27T00:53:44.926866" level="INFO">This is executed.</msg>
<arg>This is executed.</arg>
<doc>Logs the given message with the given level.</doc>
<status status="PASS" start="2024-02-27T00:53:44.926866" elapsed="0.000000"/>
</kw>
<status status="PASS" start="2024-02-27T00:53:42.943885" elapsed="1.985531"/>
</test>
<test id="s1-t2" name="TC02 : Click Product" line="12">
<kw name="Click Element" owner="SeleniumLibrary">
<msg time="2024-02-27T00:53:44.934081" level="INFO">Clicking element '//*[@id="content"]/section/div/div/article/div/div[1]/a'.</msg>
<arg>//*[@id="content"]/section/div/div/article/div/div[1]/a</arg>
<doc>Click the element identified by ``locator``.</doc>
<status status="PASS" start="2024-02-27T00:53:44.933147" elapsed="0.492493"/>
</kw>
<kw name="Click Element" owner="SeleniumLibrary">
<msg time="2024-02-27T00:53:45.428655" level="INFO">Clicking element '//*[@id="add-to-cart-or-refresh"]/div[2]/div/div[2]/button'.</msg>
<arg>//*[@id="add-to-cart-or-refresh"]/div[2]/div/div[2]/button</arg>
<doc>Click the element identified by ``locator``.</doc>
<status status="PASS" start="2024-02-27T00:53:45.426640" elapsed="0.071001"/>
</kw>
<kw name="Sleep" owner="BuiltIn">
<msg time="2024-02-27T00:53:48.500009" level="INFO">Slept 3 seconds.</msg>
<arg>3s</arg>
<doc>Pauses the test executed for the given time.</doc>
<status status="PASS" start="2024-02-27T00:53:45.499653" elapsed="3.000356"/>
</kw>
<kw name="Click Element" owner="SeleniumLibrary">
<msg time="2024-02-27T00:53:48.500515" level="INFO">Clicking element '//*[@id="blockcart-modal"]/div/div/div[2]/div/div[2]/div/div/a'.</msg>
<arg>//*[@id="blockcart-modal"]/div/div/div[2]/div/div[2]/div/div/a</arg>
<doc>Click the element identified by ``locator``.</doc>
<status status="PASS" start="2024-02-27T00:53:48.500515" elapsed="0.302233"/>
</kw>
<kw name="Click Element" owner="SeleniumLibrary">
<msg time="2024-02-27T00:53:48.803652" level="INFO">Clicking element '//*[@id="main"]/div/div[2]/div/div[2]/div/a'.</msg>
<arg>//*[@id="main"]/div/div[2]/div/div[2]/div/a</arg>
<doc>Click the element identified by ``locator``.</doc>
<status status="PASS" start="2024-02-27T00:53:48.803652" elapsed="0.347462"/>
</kw>
<kw name="Location Should Be" owner="SeleniumLibrary">
<msg time="2024-02-27T00:53:49.159124" level="INFO">Current location is 'http://localhost:8080/order'.</msg>
<arg>http://localhost:8080/order</arg>
<doc>Verifies that the current URL is exactly ``url``.</doc>
<status status="PASS" start="2024-02-27T00:53:49.152128" elapsed="0.006996"/>
</kw>
<status status="PASS" start="2024-02-27T00:53:44.930421" elapsed="4.228703"/>
</test>
<test id="s1-t3" name="TC03 : Select Invoice" line="20">
<kw name="Click Button" owner="SeleniumLibrary">
<msg time="2024-02-27T00:53:49.162649" level="INFO">Clicking button '//*[@id="customer-form"]/footer/button'.</msg>
<arg>//*[@id="customer-form"]/footer/button</arg>
<doc>Clicks the button identified by ``locator``.</doc>
<status status="PASS" start="2024-02-27T00:53:49.161652" elapsed="0.822633"/>
</kw>
<kw name="Sleep" owner="BuiltIn">
<msg time="2024-02-27T00:53:51.985077" level="INFO">Slept 2 seconds.</msg>
<arg>2s</arg>
<doc>Pauses the test executed for the given time.</doc>
<status status="PASS" start="2024-02-27T00:53:49.984285" elapsed="2.000792"/>
</kw>
<status status="PASS" start="2024-02-27T00:53:49.160790" elapsed="2.824287"/>
</test>
<test id="s1-t4" name="TC04 : Choose Payment" line="24">
<kw name="Click Element" owner="SeleniumLibrary">
<msg time="2024-02-27T00:53:51.986089" level="INFO">Clicking element '//*[@id="payment-option-1"]'.</msg>
<arg>//*[@id="payment-option-1"]</arg>
<doc>Click the element identified by ``locator``.</doc>
<status status="PASS" start="2024-02-27T00:53:51.986089" elapsed="0.051699"/>
</kw>
<kw name="Choose File" owner="SeleniumLibrary">
<msg time="2024-02-27T00:53:52.038887" level="INFO">Sending C:\Users\coopt\Desktop\TestRobot\qrcode.jpg to browser.</msg>
<arg>//*[@id="payment-option-1-additional-information"]/form/input</arg>
<arg>${ImageFilePath}</arg>
<doc>Inputs the ``file_path`` into the file input field ``locator``.</doc>
<status status="PASS" start="2024-02-27T00:53:52.037788" elapsed="0.039478"/>
</kw>
<kw name="Sleep" owner="BuiltIn">
<msg time="2024-02-27T00:53:54.077361" level="INFO">Slept 2 seconds.</msg>
<arg>2s</arg>
<doc>Pauses the test executed for the given time.</doc>
<status status="PASS" start="2024-02-27T00:53:52.077266" elapsed="2.000095"/>
</kw>
<kw name="Click Button" owner="SeleniumLibrary">
<msg time="2024-02-27T00:53:54.077361" level="INFO">Clicking button '//*[@id="payment-option-1-additional-information"]/form/button'.</msg>
<arg>//*[@id="payment-option-1-additional-information"]/form/button</arg>
<doc>Clicks the button identified by ``locator``.</doc>
<status status="PASS" start="2024-02-27T00:53:54.077361" elapsed="1.906066"/>
</kw>
<kw name="Sleep" owner="BuiltIn">
<msg time="2024-02-27T00:53:57.984491" level="INFO">Slept 2 seconds.</msg>
<arg>2s</arg>
<doc>Pauses the test executed for the given time.</doc>
<status status="PASS" start="2024-02-27T00:53:55.984430" elapsed="2.000061"/>
</kw>
<kw name="Capture Page Screenshot" owner="SeleniumLibrary">
<msg time="2024-02-27T00:53:58.106917" level="INFO" html="true">&lt;/td&gt;&lt;/tr&gt;&lt;tr&gt;&lt;td colspan="3"&gt;&lt;a href="BankTransfer.jpg"&gt;&lt;img src="BankTransfer.jpg" width="800px"&gt;&lt;/a&gt;</msg>
<msg time="2024-02-27T00:53:58.106917" level="INFO">C:\Users\coopt\AppData\Local\Programs\Python\Python311\Lib\site-packages\selenium\webdriver\remote\webdriver.py:822: UserWarning: name used for saved screenshot does not match file type. It should end with a `.png` extension
  return self.get_screenshot_as_file(filename)</msg>
<arg>BankTransfer.jpg</arg>
<doc>Takes a screenshot of the current page and embeds it into a log file.</doc>
<status status="PASS" start="2024-02-27T00:53:57.984491" elapsed="0.122426"/>
</kw>
<status status="PASS" start="2024-02-27T00:53:51.986089" elapsed="6.121823"/>
</test>
<test id="s1-t5" name="Teardown" line="31">
<kw name="Close Browser" owner="SeleniumLibrary">
<doc>Closes the current browser.</doc>
<status status="PASS" start="2024-02-27T00:53:58.108916" elapsed="2.180727"/>
</kw>
<status status="PASS" start="2024-02-27T00:53:58.107912" elapsed="2.182721"/>
</test>
<status status="PASS" start="2024-02-27T00:53:42.740626" elapsed="17.551275"/>
</suite>
<statistics>
<total>
<stat pass="5" fail="0" skip="0">All Tests</stat>
</total>
<tag>
</tag>
<suite>
<stat pass="5" fail="0" skip="0" id="s1" name="BankTransfer">BankTransfer</stat>
</suite>
</statistics>
<errors>
</errors>
</robot>
